<?xml version="1.0" encoding="utf-8"?><testsuites name="pytest tests"><testsuite name="pytest" errors="0" failures="0" skipped="0" tests="11" time="1.261" timestamp="2026-06-13T09:14:40.618201+00:00" hostname="agent-env-a08be3d7-d8df-4f68-9267-921665c74de9"><testcase classname="backend.tests.test_iteration7.TestCustomerPin" name="test_get_customer_pin_default" time="0.268" /><testcase classname="backend.tests.test_iteration7.TestCustomerPin" name="test_put_customer_pin_too_short" time="0.045" /><testcase classname="backend.tests.test_iteration7.TestCustomerPin" name="test_put_customer_pin_non_digit" time="0.044" /><testcase classname="backend.tests.test_iteration7.TestCustomerPin" name="test_put_customer_pin_too_long" time="0.045" /><testcase classname="backend.tests.test_iteration7.TestCustomerPin" name="test_put_customer_pin_success_then_get_then_restore" time="0.179" /><testcase classname="backend.tests.test_iteration7.TestCustomerLogin" name="test_customer_login_correct_pin" time="0.088" /><testcase classname="backend.tests.test_iteration7.TestCustomerLogin" name="test_customer_login_wrong_pin" time="0.086" /><testcase classname="backend.tests.test_iteration7.TestOrders" name="test_create_order_then_in_list" time="0.142" /><testcase classname="backend.tests.test_iteration7.TestSubscription" name="test_get_subscription_has_cycle_fields" time="0.042" /><testcase classname="backend.tests.test_iteration7.TestSubscription" name="test_get_subscription_trial_populated_when_active" time="0.042" /><testcase classname="backend.tests.test_iteration7.TestManagerLoginRegression" name="test_manager_login_with_1234" time="0.043" /></testsuite></testsuites>