<?xml version="1.0" encoding="utf-8"?><testsuites name="pytest tests"><testsuite name="pytest" errors="0" failures="0" skipped="0" tests="17" time="2.157" timestamp="2026-06-10T19:03:02.759035+00:00" hostname="agent-env-a08be3d7-d8df-4f68-9267-921665c74de9"><testcase classname="backend.tests.test_iteration5.TestAuth" name="test_login_correct_pin" time="0.266" /><testcase classname="backend.tests.test_iteration5.TestAuth" name="test_login_wrong_pin" time="0.049" /><testcase classname="backend.tests.test_iteration5.TestAuth" name="test_signup_existing_idempotent" time="0.060" /><testcase classname="backend.tests.test_iteration5.TestSettings" name="test_get_settings_has_required_fields" time="0.049" /><testcase classname="backend.tests.test_iteration5.TestSettings" name="test_put_settings_persists" time="0.162" /><testcase classname="backend.tests.test_iteration5.TestMenuAndCategories" name="test_list_categories" time="0.052" /><testcase classname="backend.tests.test_iteration5.TestMenuAndCategories" name="test_create_rename_delete_category" time="0.177" /><testcase classname="backend.tests.test_iteration5.TestMenuAndCategories" name="test_menu_crud" time="0.270" /><testcase classname="backend.tests.test_iteration5.TestOrders" name="test_list_orders" time="0.052" /><testcase classname="backend.tests.test_iteration5.TestOrders" name="test_create_order_and_update_status" time="0.175" /><testcase classname="backend.tests.test_iteration5.TestStats" name="test_stats_today_has_growth_7d" time="0.054" /><testcase classname="backend.tests.test_iteration5.TestSubscription" name="test_pricing_in_range" time="0.054" /><testcase classname="backend.tests.test_iteration5.TestSubscription" name="test_pricing_clamps_at_extremes" time="0.108" /><testcase classname="backend.tests.test_iteration5.TestSubscription" name="test_get_subscription_returns_config" time="0.051" /><testcase classname="backend.tests.test_iteration5.TestSubscription" name="test_post_subscription_saves" time="0.163" /><testcase classname="backend.tests.test_iteration5.TestSubscription" name="test_post_subscription_validates_range" time="0.104" /><testcase classname="backend.tests.test_iteration5.TestSubscription" name="test_post_subscription_bad_payment_method" time="0.054" /></testsuite></testsuites>