<?xml version="1.0" encoding="utf-8"?><testsuites name="pytest tests"><testsuite name="pytest" errors="0" failures="1" skipped="1" tests="18" time="1.829" timestamp="2026-06-24T13:51:11.742472+00:00" hostname="agent-env-a08be3d7-d8df-4f68-9267-921665c74de9"><testcase classname="backend.tests.test_iteration13.TestManagerAuth" name="test_profile_put_no_token_returns_401" time="0.312" /><testcase classname="backend.tests.test_iteration13.TestManagerAuth" name="test_profile_put_invalid_token_returns_401" time="0.046" /><testcase classname="backend.tests.test_iteration13.TestManagerAuth" name="test_profile_put_valid_token_succeeds" time="0.091" /><testcase classname="backend.tests.test_iteration13.TestManagerAuth" name="test_settings_put_requires_token" time="0.045"><failure message="Failed: PUT /settings is OPEN (status 200); spec requires manager token">backend/tests/test_iteration13.py:87: in test_settings_put_requires_token
    pytest.fail(f"PUT /settings is OPEN (status {r_no.status_code}); spec requires manager token")
E   Failed: PUT /settings is OPEN (status 200); spec requires manager token</failure></testcase><testcase classname="backend.tests.test_iteration13.TestManagerAuth" name="test_stats_today_requires_token" time="0.110" /><testcase classname="backend.tests.test_iteration13.TestManagerAuth" name="test_stats_revenue_requires_token" time="0.090" /><testcase classname="backend.tests.test_iteration13.TestManagerAuth" name="test_sessions_requires_token" time="0.089" /><testcase classname="backend.tests.test_iteration13.TestManagerAuth" name="test_orders_get_is_open" time="0.082" /><testcase classname="backend.tests.test_iteration13.TestMenuWriteGating" name="test_post_menu_without_token_401" time="0.043" /><testcase classname="backend.tests.test_iteration13.TestMenuWriteGating" name="test_post_category_without_token_401" time="0.040" /><testcase classname="backend.tests.test_iteration13.TestMenuWriteGating" name="test_post_menu_with_token_status_402_or_200" time="0.046" /><testcase classname="backend.tests.test_iteration13.TestOrdersOpenForCustomer" name="test_post_orders_no_manager_token" time="0.044" /><testcase classname="backend.tests.test_iteration13.TestKitchenPin" name="test_kitchen_pin_put_requires_manager" time="0.060" /><testcase classname="backend.tests.test_iteration13.TestKitchenPin" name="test_kitchen_login_when_not_set_returns_404" time="0.096"><skipped type="pytest.skip" message="Kitchen PIN already set (5678); cannot test 404 path">/app/backend/tests/test_iteration13.py:160: Kitchen PIN already set (5678); cannot test 404 path</skipped></testcase><testcase classname="backend.tests.test_iteration13.TestKitchenPin" name="test_kitchen_pin_set_and_login" time="0.189" /><testcase classname="backend.tests.test_iteration13.TestPaymentsConfig" name="test_payments_config_no_hardcoded_link" time="0.045" /><testcase classname="backend.tests.test_iteration13.TestPricing" name="test_pricing_20_tables" time="0.044" /><testcase classname="backend.tests.test_iteration13.TestDemoModeOTP" name="test_request_otp_includes_demo_in_demo_mode" time="0.052" /></testsuite></testsuites>