<?xml version="1.0" encoding="utf-8"?><testsuites name="pytest tests"><testsuite name="pytest" errors="0" failures="0" skipped="0" tests="11" time="2.153" timestamp="2026-06-21T18:08:26.623475+00:00" hostname="agent-env-a08be3d7-d8df-4f68-9267-921665c74de9"><testcase classname="backend.tests.test_iteration10.TestAuthSessions" name="test_login_with_device_d1" time="0.272" /><testcase classname="backend.tests.test_iteration10.TestAuthSessions" name="test_login_with_device_d2_active_2" time="0.140" /><testcase classname="backend.tests.test_iteration10.TestAuthSessions" name="test_sessions_contains_d1_and_d2" time="0.001" /><testcase classname="backend.tests.test_iteration10.TestAuthSessions" name="test_third_device_evicts_lru" time="0.608" /><testcase classname="backend.tests.test_iteration10.TestAuthSessions" name="test_get_sessions_shape" time="0.099" /><testcase classname="backend.tests.test_iteration10.TestAuthSessions" name="test_delete_session_success" time="0.197" /><testcase classname="backend.tests.test_iteration10.TestAuthSessions" name="test_delete_session_not_found" time="0.102" /><testcase classname="backend.tests.test_iteration10.TestSubscriptionHasAccess" name="test_subscription_has_access_field" time="0.103" /><testcase classname="backend.tests.test_iteration10.TestSubscriptionHasAccess" name="test_auto_expire_on_past_cycle" time="0.103" /><testcase classname="backend.tests.test_iteration10.TestRegression" name="test_payments_config_returns_fallback" time="0.106" /><testcase classname="backend.tests.test_iteration10.TestRegression" name="test_login_wrong_pin" time="0.106" /></testsuite></testsuites>