<?xml version="1.0" encoding="utf-8"?><testsuites name="pytest tests"><testsuite name="pytest" errors="0" failures="0" skipped="0" tests="26" time="3.488" timestamp="2026-06-22T04:21:23.495940+00:00" hostname="agent-env-a08be3d7-d8df-4f68-9267-921665c74de9"><testcase classname="backend.tests.test_iteration12.TestPricing" name="test_pricing_tiers[10-944.0]" time="0.132" /><testcase classname="backend.tests.test_iteration12.TestPricing" name="test_pricing_tiers[20-1888.0]" time="0.103" /><testcase classname="backend.tests.test_iteration12.TestPricing" name="test_pricing_tiers[30-2832.0]" time="0.103" /><testcase classname="backend.tests.test_iteration12.TestPricing" name="test_pricing_tiers[40-3776.0]" time="0.125" /><testcase classname="backend.tests.test_iteration12.TestPricing" name="test_pricing_tiers[50-4720.0]" time="0.099" /><testcase classname="backend.tests.test_iteration12.TestPricing" name="test_pricing_tiers[60-5664.0]" time="0.095" /><testcase classname="backend.tests.test_iteration12.TestPricing" name="test_pricing_default_14_formula" time="0.095" /><testcase classname="backend.tests.test_iteration12.TestPricing" name="test_subscription_create_rejects_low" time="0.107" /><testcase classname="backend.tests.test_iteration12.TestPricing" name="test_subscription_create_rejects_high" time="0.098" /><testcase classname="backend.tests.test_iteration12.TestExploreGate" name="test_initial_subscription_is_none" time="0.104" /><testcase classname="backend.tests.test_iteration12.TestExploreGate" name="test_get_menu_open" time="0.132" /><testcase classname="backend.tests.test_iteration12.TestExploreGate" name="test_get_categories_open" time="0.096" /><testcase classname="backend.tests.test_iteration12.TestExploreGate" name="test_get_orders_open" time="0.101" /><testcase classname="backend.tests.test_iteration12.TestExploreGate" name="test_get_stats_today_open" time="0.101" /><testcase classname="backend.tests.test_iteration12.TestExploreGate" name="test_post_menu_402" time="0.094" /><testcase classname="backend.tests.test_iteration12.TestExploreGate" name="test_post_categories_402" time="0.102" /><testcase classname="backend.tests.test_iteration12.TestExploreGate" name="test_post_orders_402" time="0.096" /><testcase classname="backend.tests.test_iteration12.TestExploreGate" name="test_put_orders_402" time="0.094" /><testcase classname="backend.tests.test_iteration12.TestExploreGate" name="test_put_settings_open" time="0.198" /><testcase classname="backend.tests.test_iteration12.TestExploreGate" name="test_put_profile_open" time="0.098" /><testcase classname="backend.tests.test_iteration12.TestSubscriptionFlipAllowsWrite" name="test_post_subscription_then_menu_create" time="0.619" /><testcase classname="backend.tests.test_iteration12.TestOtpNoDemoLeak" name="test_request_otp_no_demo_field" time="0.098" /><testcase classname="backend.tests.test_iteration12.TestRegression" name="test_auth_status" time="0.105" /><testcase classname="backend.tests.test_iteration12.TestRegression" name="test_login_manager_pin" time="0.113" /><testcase classname="backend.tests.test_iteration12.TestRegression" name="test_customer_login" time="0.101" /><testcase classname="backend.tests.test_iteration12.TestRegression" name="test_payments_config" time="0.110" /></testsuite></testsuites>