<?xml version="1.0" encoding="utf-8"?><testsuites name="pytest tests"><testsuite name="pytest" errors="0" failures="1" skipped="0" tests="23" time="2.596" timestamp="2026-06-10T19:36:22.201157+00:00" hostname="agent-env-a08be3d7-d8df-4f68-9267-921665c74de9"><testcase classname="backend.tests.test_iteration6.TestSubscriptionShape" name="test_get_subscription_includes_deferred_fields" time="0.158" /><testcase classname="backend.tests.test_iteration6.TestSubscriptionStateMachine" name="test_post_validates_tables_range" time="0.106" /><testcase classname="backend.tests.test_iteration6.TestSubscriptionStateMachine" name="test_post_then_get_persists_with_cycle_fields" time="0.116" /><testcase classname="backend.tests.test_iteration6.TestSubscriptionStateMachine" name="test_change_tables_returns_next_cycle_deferred" time="0.155" /><testcase classname="backend.tests.test_iteration6.TestSubscriptionStateMachine" name="test_post_with_same_tables_returns_no_change_clears_pending" time="0.167" /><testcase classname="backend.tests.test_iteration6.TestRevenueWeekLabel" name="test_week_series_has_7_entries_with_day_and_month" time="0.076" /><testcase classname="backend.tests.test_iteration5.TestAuth" name="test_login_correct_pin" time="0.124" /><testcase classname="backend.tests.test_iteration5.TestAuth" name="test_login_wrong_pin" time="0.048" /><testcase classname="backend.tests.test_iteration5.TestAuth" name="test_signup_existing_idempotent" time="0.056" /><testcase classname="backend.tests.test_iteration5.TestSettings" name="test_get_settings_has_required_fields" time="0.052" /><testcase classname="backend.tests.test_iteration5.TestSettings" name="test_put_settings_persists" time="0.153" /><testcase classname="backend.tests.test_iteration5.TestMenuAndCategories" name="test_list_categories" time="0.050" /><testcase classname="backend.tests.test_iteration5.TestMenuAndCategories" name="test_create_rename_delete_category" time="0.150" /><testcase classname="backend.tests.test_iteration5.TestMenuAndCategories" name="test_menu_crud" time="0.327" /><testcase classname="backend.tests.test_iteration5.TestOrders" name="test_list_orders" time="0.057" /><testcase classname="backend.tests.test_iteration5.TestOrders" name="test_create_order_and_update_status" time="0.190" /><testcase classname="backend.tests.test_iteration5.TestStats" name="test_stats_today_has_growth_7d" time="0.054" /><testcase classname="backend.tests.test_iteration5.TestSubscription" name="test_pricing_in_range" time="0.048" /><testcase classname="backend.tests.test_iteration5.TestSubscription" name="test_pricing_clamps_at_extremes" time="0.095" /><testcase classname="backend.tests.test_iteration5.TestSubscription" name="test_get_subscription_returns_config" time="0.050" /><testcase classname="backend.tests.test_iteration5.TestSubscription" name="test_post_subscription_saves" time="0.102"><failure message="KeyError: 'subtotal'">backend/tests/test_iteration5.py:239: in test_post_subscription_saves
    assert d["subtotal"] == 1299
           ^^^^^^^^^^^^^
E   KeyError: 'subtotal'</failure></testcase><testcase classname="backend.tests.test_iteration5.TestSubscription" name="test_post_subscription_validates_range" time="0.101" /><testcase classname="backend.tests.test_iteration5.TestSubscription" name="test_post_subscription_bad_payment_method" time="0.047" /></testsuite></testsuites>