<?xml version="1.0" encoding="utf-8"?><testsuites name="pytest tests"><testsuite name="pytest" errors="0" failures="1" skipped="0" tests="18" time="2.447" timestamp="2026-05-09T20:22:52.950104+00:00" hostname="agent-env-a08be3d7-d8df-4f68-9267-921665c74de9"><testcase classname="backend.tests.test_iteration4.TestAuthStatus" name="test_status_setup_complete" time="0.275" /><testcase classname="backend.tests.test_iteration4.TestLogin" name="test_login_correct_pin" time="0.049" /><testcase classname="backend.tests.test_iteration4.TestLogin" name="test_login_wrong_pin" time="0.051" /><testcase classname="backend.tests.test_iteration4.TestLogin" name="test_login_non_numeric" time="0.049" /><testcase classname="backend.tests.test_iteration4.TestLogin" name="test_login_too_short" time="0.050" /><testcase classname="backend.tests.test_iteration4.TestLogin" name="test_login_too_long" time="0.044" /><testcase classname="backend.tests.test_iteration4.TestSignupExisting" name="test_signup_when_profile_exists_returns_400" time="0.046" /><testcase classname="backend.tests.test_iteration4.TestChangePin" name="test_change_pin_wrong_old" time="0.047" /><testcase classname="backend.tests.test_iteration4.TestChangePin" name="test_change_pin_invalid_new" time="0.048" /><testcase classname="backend.tests.test_iteration4.TestChangePin" name="test_change_pin_success_then_revert" time="0.241" /><testcase classname="backend.tests.test_iteration4.TestRecoverPin" name="test_recover_wrong_contact" time="0.047" /><testcase classname="backend.tests.test_iteration4.TestRecoverPin" name="test_recover_correct_contact_and_revert" time="0.190" /><testcase classname="backend.tests.test_iteration4.TestSettingsGst" name="test_gst_rate_null_round_trip" time="0.264" /><testcase classname="backend.tests.test_iteration4.TestSettingsGst" name="test_theme_field_persists" time="0.134" /><testcase classname="backend.tests.test_iteration4.TestRegression" name="test_categories_seeded" time="0.052"><failure message="AssertionError: assert 'Starters' in ['Biryani', 'Main Course']">backend/tests/test_iteration4.py:211: in test_categories_seeded
    assert ex in names
E   AssertionError: assert 'Starters' in ['Biryani', 'Main Course']</failure></testcase><testcase classname="backend.tests.test_iteration4.TestRegression" name="test_menu_listing" time="0.491" /><testcase classname="backend.tests.test_iteration4.TestRegression" name="test_stats_today" time="0.048" /><testcase classname="backend.tests.test_iteration4.TestRegression" name="test_upload_image_valid" time="0.048" /></testsuite></testsuites>