<?xml version="1.0" encoding="utf-8"?><testsuites name="pytest tests"><testsuite name="pytest" errors="0" failures="1" skipped="0" tests="25" time="4.291" timestamp="2026-06-22T03:47:45.161800+00:00" hostname="agent-env-a08be3d7-d8df-4f68-9267-921665c74de9"><testcase classname="backend.tests.test_iteration11.TestPricing" name="test_pricing_tiers[10-942.82]" time="0.380" /><testcase classname="backend.tests.test_iteration11.TestPricing" name="test_pricing_tiers[20-1885.64]" time="0.129" /><testcase classname="backend.tests.test_iteration11.TestPricing" name="test_pricing_tiers[30-2828.46]" time="0.111" /><testcase classname="backend.tests.test_iteration11.TestPricing" name="test_pricing_tiers[40-3771.28]" time="0.133" /><testcase classname="backend.tests.test_iteration11.TestPricing" name="test_pricing_tiers[50-4714.1]" time="0.101" /><testcase classname="backend.tests.test_iteration11.TestPricing" name="test_pricing_tiers[60-5656.92]" time="0.107" /><testcase classname="backend.tests.test_iteration11.TestPricing" name="test_pricing_default_14" time="0.107"><failure message="assert 1.3300000000001546 &lt;= 0.02&#10; +  where 1.3300000000001546 = abs((1319.95 - 1318.62))">backend/tests/test_iteration11.py:78: in test_pricing_default_14
    assert abs(d["total_with_tax"] - 1318.62) &lt;= 0.02
E   assert 1.3300000000001546 &lt;= 0.02
E    +  where 1.3300000000001546 = abs((1319.95 - 1318.62))</failure></testcase><testcase classname="backend.tests.test_iteration11.TestPricing" name="test_pricing_min_boundary_below" time="0.095" /><testcase classname="backend.tests.test_iteration11.TestPricing" name="test_pricing_max_boundary_above" time="0.101" /><testcase classname="backend.tests.test_iteration11.TestPricing" name="test_subscription_create_validates_range" time="0.198" /><testcase classname="backend.tests.test_iteration11.TestDeviceCap" name="test_login_returns_max_devices_4" time="0.097" /><testcase classname="backend.tests.test_iteration11.TestDeviceCap" name="test_four_sessions_then_evict_lru" time="0.955" /><testcase classname="backend.tests.test_iteration11.TestDeviceCap" name="test_delete_session" time="0.205" /><testcase classname="backend.tests.test_iteration11.TestDeviceCap" name="test_delete_nonexistent_session" time="0.111" /><testcase classname="backend.tests.test_iteration11.TestRegression" name="test_auth_status" time="0.101" /><testcase classname="backend.tests.test_iteration11.TestRegression" name="test_login_correct_pin" time="0.107" /><testcase classname="backend.tests.test_iteration11.TestRegression" name="test_login_wrong_pin" time="0.096" /><testcase classname="backend.tests.test_iteration11.TestRegression" name="test_subscription_endpoint" time="0.105" /><testcase classname="backend.tests.test_iteration11.TestRegression" name="test_payments_config" time="0.103" /><testcase classname="backend.tests.test_iteration11.TestRegression" name="test_create_order_fallback" time="0.106" /><testcase classname="backend.tests.test_iteration11.TestRegression" name="test_menu_list" time="0.106" /><testcase classname="backend.tests.test_iteration11.TestRegression" name="test_orders_list" time="0.113" /><testcase classname="backend.tests.test_iteration11.TestRegression" name="test_stats_today" time="0.109" /><testcase classname="backend.tests.test_iteration11.TestRegression" name="test_customer_login_correct" time="0.098" /><testcase classname="backend.tests.test_iteration11.TestRegression" name="test_customer_login_wrong" time="0.097" /></testsuite></testsuites>