<?xml version="1.0" encoding="utf-8"?><testsuites name="pytest tests"><testsuite name="pytest" errors="0" failures="0" skipped="0" tests="7" time="0.977" timestamp="2026-06-21T16:35:08.786468+00:00" hostname="agent-env-a08be3d7-d8df-4f68-9267-921665c74de9"><testcase classname="backend.tests.test_iteration9" name="test_payments_config_no_keys" time="0.103" /><testcase classname="backend.tests.test_iteration9" name="test_subscription_get_returns_new_fields" time="0.093" /><testcase classname="backend.tests.test_iteration9" name="test_create_order_returns_fallback_when_no_keys" time="0.045" /><testcase classname="backend.tests.test_iteration9" name="test_payments_verify_marks_active_and_enables_autopay" time="0.174" /><testcase classname="backend.tests.test_iteration9" name="test_autopay_toggle_off_and_on" time="0.260" /><testcase classname="backend.tests.test_iteration9" name="test_webhook_payment_captured_no_signature" time="0.158" /><testcase classname="backend.tests.test_iteration9" name="test_order_with_table_zero_succeeds" time="0.086" /></testsuite></testsuites>