<?xml version="1.0" encoding="utf-8"?><testsuites name="pytest tests"><testsuite name="pytest" errors="0" failures="0" skipped="0" tests="9" time="1.596" timestamp="2026-06-18T08:51:29.878977+00:00" hostname="agent-env-a08be3d7-d8df-4f68-9267-921665c74de9"><testcase classname="backend.tests.test_iteration8.TestOTPFlow" name="test_request_otp_correct_phone" time="0.344" /><testcase classname="backend.tests.test_iteration8.TestOTPFlow" name="test_request_otp_wrong_phone" time="0.043" /><testcase classname="backend.tests.test_iteration8.TestOTPFlow" name="test_verify_otp_wrong_code" time="0.091" /><testcase classname="backend.tests.test_iteration8.TestOTPFlow" name="test_verify_otp_success_then_login_with_new_pin_then_single_use" time="0.409" /><testcase classname="backend.tests.test_iteration8.TestOTPFlow" name="test_verify_otp_without_request" time="0.175" /><testcase classname="backend.tests.test_iteration8.TestRegression" name="test_manager_login" time="0.045" /><testcase classname="backend.tests.test_iteration8.TestRegression" name="test_subscription_has_cycle_dates" time="0.048" /><testcase classname="backend.tests.test_iteration8.TestRegression" name="test_customer_login_default" time="0.051" /><testcase classname="backend.tests.test_iteration8.TestRegression" name="test_profile_has_phone" time="0.133" /></testsuite></testsuites>