<?xml version="1.0" encoding="utf-8"?><testsuites name="pytest tests"><testsuite name="pytest" errors="0" failures="0" skipped="0" tests="13" time="2.626" timestamp="2026-05-07T13:38:07.357905+00:00" hostname="agent-env-a08be3d7-d8df-4f68-9267-921665c74de9"><testcase classname="backend.tests.test_tabletap_api.TestAuth" name="test_login_success" time="0.329" /><testcase classname="backend.tests.test_tabletap_api.TestAuth" name="test_login_wrong_pin" time="0.104" /><testcase classname="backend.tests.test_tabletap_api.TestAuth" name="test_login_non_numeric" time="0.071" /><testcase classname="backend.tests.test_tabletap_api.TestCategories" name="test_list_categories_seed" time="0.067" /><testcase classname="backend.tests.test_tabletap_api.TestCategories" name="test_create_and_delete_category" time="0.384" /><testcase classname="backend.tests.test_tabletap_api.TestMenu" name="test_list_menu_seeded" time="0.059" /><testcase classname="backend.tests.test_tabletap_api.TestMenu" name="test_menu_crud_and_toggle" time="0.295" /><testcase classname="backend.tests.test_tabletap_api.TestOrders" name="test_list_orders_sorted_desc" time="0.059" /><testcase classname="backend.tests.test_tabletap_api.TestOrders" name="test_create_order_increments_and_computes_amount" time="0.225" /><testcase classname="backend.tests.test_tabletap_api.TestStats" name="test_stats_today" time="0.070" /><testcase classname="backend.tests.test_tabletap_api.TestImageUpload" name="test_valid_data_url" time="0.067" /><testcase classname="backend.tests.test_tabletap_api.TestImageUpload" name="test_invalid_url" time="0.060" /><testcase classname="backend.tests.test_tabletap_api.TestImageUpload" name="test_too_large" time="0.609" /></testsuite></testsuites>