<?xml version="1.0" encoding="utf-8"?><testsuites name="pytest tests"><testsuite name="pytest" errors="0" failures="0" skipped="1" tests="23" time="3.277" timestamp="2026-06-24T14:22:24.616889+00:00" hostname="agent-env-a08be3d7-d8df-4f68-9267-921665c74de9"><testcase classname="tests.test_iteration13.TestManagerAuth" name="test_profile_put_no_token_returns_401" time="0.376" /><testcase classname="tests.test_iteration13.TestManagerAuth" name="test_profile_put_invalid_token_returns_401" time="0.117" /><testcase classname="tests.test_iteration13.TestManagerAuth" name="test_profile_put_valid_token_succeeds" time="0.092" /><testcase classname="tests.test_iteration13.TestManagerAuth" name="test_settings_put_requires_token" time="0.215" /><testcase classname="tests.test_iteration13.TestManagerAuth" name="test_stats_today_requires_token" time="0.141" /><testcase classname="tests.test_iteration13.TestManagerAuth" name="test_stats_revenue_requires_token" time="0.188" /><testcase classname="tests.test_iteration13.TestManagerAuth" name="test_sessions_requires_token" time="0.175" /><testcase classname="tests.test_iteration13.TestManagerAuth" name="test_orders_get_is_open" time="0.044" /><testcase classname="tests.test_iteration13.TestMenuWriteGating" name="test_post_menu_without_token_401" time="0.107" /><testcase classname="tests.test_iteration13.TestMenuWriteGating" name="test_post_category_without_token_401" time="0.104" /><testcase classname="tests.test_iteration13.TestMenuWriteGating" name="test_post_menu_with_token_status_402_or_200" time="0.046" /><testcase classname="tests.test_iteration13.TestOrdersOpenForCustomer" name="test_post_orders_no_manager_token" time="0.082" /><testcase classname="tests.test_iteration13.TestKitchenPin" name="test_kitchen_pin_put_requires_manager" time="0.108" /><testcase classname="tests.test_iteration13.TestKitchenPin" name="test_kitchen_login_when_not_set_returns_404" time="0.087"><skipped type="pytest.skip" message="Kitchen PIN already set (5678); cannot test 404 path">/app/backend/tests/test_iteration13.py:170: Kitchen PIN already set (5678); cannot test 404 path</skipped></testcase><testcase classname="tests.test_iteration13.TestKitchenPin" name="test_kitchen_pin_set_and_login" time="0.254" /><testcase classname="tests.test_iteration13.TestPaymentsConfig" name="test_payments_config_no_hardcoded_link" time="0.043" /><testcase classname="tests.test_iteration13.TestPricing" name="test_pricing_20_tables" time="0.041" /><testcase classname="tests.test_iteration13.TestDemoModeOTP" name="test_request_otp_includes_demo_in_demo_mode" time="0.045" /><testcase classname="tests.test_iteration14.TestCookieAuth" name="test_login_sets_httponly_cookie" time="0.115" /><testcase classname="tests.test_iteration14.TestCookieAuth" name="test_cookie_alone_authenticates" time="0.190" /><testcase classname="tests.test_iteration14.TestCookieAuth" name="test_bearer_header_still_works_legacy" time="0.204" /><testcase classname="tests.test_iteration14.TestCookieAuth" name="test_logout_clears_cookie_and_session" time="0.249" /><testcase classname="tests.test_iteration14.TestStatsTodayRefactor" name="test_stats_today_has_all_fields" time="0.145" /></testsuite></testsuites>